# Derivatives solution step at time 0 performed in 1 iterations with 0 error
# Key for lines starting with "Step":
# Step Time TStep NIter ResErr SolErr SolConv Out
Step 0 0 0 1 0 0 0 1
Step 1 0.01 0.01 0 0 0 0 1
Step 2 0.02 0.01 0 1.317089015965439e-09 0 0 1
Step 3 0.03 0.01 0 1.317089015965439e-09 0 0 1
Step 4 0.04 0.01 0 3.951267047896315e-09 0 0 1
Step 5 0.05 0.01 0 3.951267047896315e-09 0 0 1
Step 6 0.06 0.01 0 9.219623111758069e-09 0 0 1
Step 7 0.07000000000000001 0.01 0 6.585445079827193e-09 0 0 1
Step 8 0.08 0.01 0 1.843924622351614e-08 0 0 1
Step 9 0.09 0.01 0 6.585445079827193e-09 0 0 1
Step 10 0.09999999999999999 0.01 0 3.292722539913596e-08 0 0 1
Step 11 0.11 0.01 0 2.634178031930877e-09 0 0 1
Step 12 0.12 0.01 0 6.585445079827193e-08 0 0 1
Step 13 0.13 0.01 0 3.951267047896316e-08 0 0 1
Step 14 0.14 0.01 0 1.435627027402328e-07 0 0 1
Step 15 0.15 0.01 0 1.540994148679563e-07 0 0 1
Step 16 0.16 0.01 0 3.503456782468067e-07 0 0 1
Step 17 0.17 0.01 0 4.80737490827385e-07 0 0 1
Step 18 0.18 0.01 0 9.140597770800143e-07 0 0 1
Step 19 0.19 0.01 1 0 0 0 1
Step 20 0.2 0.01 1 0 0 0 1
Step 21 0.21 0.01 0 6.96740089445717e-07 0 0 1
Step 22 0.2200000000000001 0.01 0 2.291734887779863e-07 0 0 1
Step 23 0.2300000000000001 0.01 1 0 0 0 1
Step 24 0.2400000000000001 0.01 0 5.795191670247929e-08 0 0 1
Step 25 0.2500000000000001 0.01 0 4.043463279013896e-07 0 0 1
Step 26 0.2600000000000001 0.01 0 2.713203372888804e-07 0 0 1
Step 27 0.2700000000000001 0.01 0 9.377673793673922e-07 0 0 1
Step 28 0.2800000000000001 0.01 0 2.726374263048457e-07 0 0 1
Step 29 0.2900000000000001 0.01 1 0 0 0 1
Step 30 0.3000000000000001 0.01 0 3.161013638317053e-07 0 0 1
Step 31 0.3100000000000001 0.01 0 5.571286537533805e-07 0 0 1
Step 32 0.3200000000000001 0.01 0 9.21962311175807e-07 0 0 1
Step 33 0.3300000000000001 0.01 1 0 0 0 1
Step 34 0.3400000000000001 0.01 1 0 0 0 1
Step 35 0.3500000000000001 0.01 1 0 0 0 1
Step 36 0.3600000000000002 0.01 0 3.371747880871523e-07 0 0 1
Step 37 0.3700000000000002 0.01 0 1.104708412141012e-07 0 0 1
Step 38 0.3800000000000002 0.01 0 8.258148130103299e-07 0 0 1
Step 39 0.3900000000000002 0.01 0 1.975633523948202e-08 0 0 1
Step 40 0.4000000000000002 0.01 1 1.646361269956798e-10 0 0 1
Step 41 0.4100000000000002 0.01 0 8.837667297128112e-07 0 0 1
Step 42 0.4200000000000002 0.01 0 3.060585600849813e-07 0 0 1
Step 43 0.4300000000000002 0.01 1 9.878167619740788e-10 0 0 1
Step 44 0.4400000000000002 0.01 0 1.435627027402328e-07 0 0 1
Step 45 0.4500000000000002 0.01 0 6.063548557251289e-07 0 0 1
Step 46 0.4600000000000002 0.01 0 5.675007297541221e-07 0 0 1
Step 47 0.4700000000000003 0.01 1 2.963450285922237e-09 0 0 1
Step 48 0.4800000000000003 0.01 0 2.74777695956587e-07 0 0 1
Step 49 0.4900000000000003 0.01 1 1.975633523948158e-09 0 0 1
Step 50 0.5000000000000002 0.01 0 7.046426235424397e-07 0 0 1
Step 51 0.5100000000000002 0.01 0 2.420151069351286e-08 0 0 1
Step 52 0.5200000000000002 0.01 1 1.810997396952478e-09 0 0 1
Step 53 0.5300000000000002 0.01 1 1.975633523948158e-09 0 0 1
Step 54 0.5400000000000003 0.01 1 3.128086412917916e-09 0 0 1
Step 55 0.5500000000000003 0.01 1 6.585445079827193e-10 0 0 1
Step 56 0.5600000000000003 0.01 0 2.502469130334333e-08 0 0 1
Step 57 0.5700000000000003 0.01 0 6.585445079828508e-09 0 0 1
Step 58 0.5800000000000003 0.01 0 6.750081206822988e-08 0 0 1
Step 59 0.5900000000000003 0.01 0 5.762264444886394e-09 0 0 1
Step 60 0.6000000000000003 0.01 0 1.374711660413942e-07 0 0 1
Step 61 0.6100000000000003 0.01 0 7.523871003702579e-08 0 0 1
Step 62 0.6200000000000003 0.01 0 2.629238948121019e-07 0 0 1
Step 63 0.6300000000000003 0.01 0 3.226868089115385e-07 0 0 1
Step 64 0.6400000000000003 0.01 0 6.061902195981035e-07 0 0 1
Step 65 0.6500000000000004 0.01 1 1.646361269956798e-10 0 0 1
Step 66 0.6600000000000004 0.01 1 3.292722539913596e-09 0 0 1
Step 67 0.6700000000000004 0.01 0 3.61540934882627e-07 0 0 1
Step 68 0.6800000000000004 0.01 0 3.786630920960166e-08 0 0 1
Step 69 0.6900000000000004 0.01 0 7.843265090078875e-07 0 0 1
Step 70 0.7000000000000004 0.01 0 3.02765837545287e-07 0 0 1
Step 71 0.7100000000000004 0.01 1 3.292722539913596e-09 0 0 1
Step 72 0.7200000000000004 0.01 0 8.709251121270639e-08 0 0 1
Step 73 0.7300000000000004 0.01 1 1.646361269956798e-09 0 0 1
Step 74 0.7400000000000004 0.01 0 8.116561060991667e-07 0 0 1
Step 75 0.7500000000000004 0.01 1 1.646361269956798e-10 0 0 1
Step 76 0.7600000000000005 0.01 0 2.085939732626515e-07 0 0 1
Step 77 0.7700000000000005 0.01 1 3.786630920900636e-09 0 0 1
Step 78 0.7800000000000005 0.01 1 1.646361269956798e-10 0 0 1
Step 79 0.7900000000000005 0.01 1 8.231806349783991e-10 0 0 1
Step 80 0.8000000000000005 0.01 1 1.317089015965439e-09 0 0 1
Step 81 0.8100000000000005 0.01 0 8.131378312316629e-07 0 0 1
Step 82 0.8200000000000005 0.01 0 2.756008765907685e-07 0 0 1
Step 83 0.8300000000000005 0.01 1 3.292722539913596e-09 0 0 1
Step 84 0.8400000000000005 0.01 0 9.993412908639231e-08 0 0 1
Step 85 0.8500000000000005 0.01 0 5.273295147671704e-07 0 0 1
Step 86 0.8600000000000005 0.01 0 4.278892940618128e-07 0 0 1
Step 87 0.8700000000000006 0.01 1 2.634178031930877e-09 0 0 1
Step 88 0.8800000000000006 0.01 0 3.207111753875864e-07 0 0 1
Step 89 0.8900000000000006 0.01 0 7.810337864677134e-07 0 0 1
Step 90 0.9000000000000006 0.01 0 3.093512826251247e-07 0 0 1
Step 91 0.9100000000000006 0.01 1 1.646361269956798e-10 0 0 1
Step 92 0.9200000000000006 0.01 1 3.292722539913596e-10 0 0 1
Step 93 0.9300000000000006 0.01 0 6.371418114969818e-08 0 0 1
Step 94 0.9400000000000006 0.01 0 8.659860279976371e-08 0 0 1
Step 95 0.9500000000000006 0.01 0 2.331247558290307e-07 0 0 1
Step 96 0.9600000000000006 0.01 0 2.515640020497932e-07 0 0 1
Step 97 0.9700000000000006 0.01 0 5.567993815047159e-07 0 0 1
Step 98 0.9800000000000006 0.01 0 4.925912919770336e-07 0 0 1
Step 99 0.9900000000000007 0.01 1 0 0 0 1
Step 100 1.000000000000001 0.01 1 1.646361269956798e-10 0 0 1
Step 101 1.010000000000001 0.01 1 1.646361269956798e-10 0 0 1
Step 102 1.020000000000001 0.01 1 3.457358666909276e-09 0 0 1
Step 103 1.030000000000001 0.01 0 2.337833003338987e-08 0 0 1
Step 104 1.040000000000001 0.01 0 3.144550025622143e-08 0 0 1
Step 105 1.050000000000001 0.01 0 8.231806350551502e-09 0 0 1
Step 106 1.060000000000001 0.01 0 1.379650744224958e-07 0 0 1
Step 107 1.070000000000001 0.01 0 3.243331701887147e-08 0 0 1
Step 108 1.080000000000001 0.01 0 2.897595835125078e-07 0 0 1
Step 109 1.090000000000001 0.01 0 2.861375887185424e-07 0 0 1
Step 110 1.100000000000001 0.01 0 5.199208890523689e-07 0 0 1
Step 111 1.110000000000001 0.01 1 3.786630920900636e-09 0 0 1
Step 112 1.120000000000001 0.01 1 4.939083809870394e-10 0 0 1
Step 113 1.130000000000001 0.01 0 4.138952232671893e-07 0 0 1
Step 114 1.140000000000001 0.01 0 1.545933232489658e-07 0 0 1
Step 115 1.150000000000001 0.01 0 9.924265735300734e-07 0 0 1
Step 116 1.160000000000001 0.01 0 1.531115981064407e-08 0 0 1
Step 117 1.170000000000001 0.01 1 1.975633523948158e-09 0 0 1
Step 118 1.180000000000001 0.01 1 3.292722539913596e-09 0 0 1
Step 119 1.190000000000001 0.01 0 2.411919260497094e-07 0 0 1
Step 120 1.200000000000001 0.01 0 5.671714575009971e-07 0 0 1
Step 121 1.210000000000001 0.01 1 6.585445079827193e-10 0 0 1
Step 122 1.220000000000001 0.01 0 5.064207266393354e-07 0 0 1
Step 123 1.230000000000001 0.01 1 1.646361269956798e-09 0 0 1
Step 124 1.240000000000001 0.01 0 1.084952076901849e-07 0 0 1
Step 125 1.250000000000001 0.01 1 9.878167619740788e-10 0 0 1
Step 126 1.260000000000001 0.01 0 5.892326985185866e-07 0 0 1
Step 127 1.270000000000001 0.01 1 3.457358666909276e-09 0 0 1
Step 128 1.280000000000001 0.01 1 1.481725142961118e-09 0 0 1
Step 129 1.290000000000001 0.01 1 3.292722539913596e-10 0 0 1
Step 130 1.300000000000001 0.01 1 3.292722539913596e-10 0 0 1
Step 131 1.310000000000001 0.01 0 1.053671212772433e-08 0 0 1
Step 132 1.320000000000001 0.01 0 5.268356063863399e-09 0 0 1
Step 133 1.330000000000001 0.01 0 1.959169911248767e-08 0 0 1
Step 134 1.340000000000001 0.01 0 2.1896604890465e-08 0 0 1
Step 135 1.350000000000001 0.01 0 3.177477251046323e-08 0 0 1
Step 136 1.360000000000001 0.01 0 1.534408703601322e-07 0 0 1
Step 137 1.370000000000001 0.01 0 1.468554252807366e-07 0 0 1
Step 138 1.380000000000001 0.01 0 4.708593232080312e-07 0 0 1
Step 139 1.390000000000001 0.01 0 3.834375397743061e-07 0 0 1
Step 140 1.400000000000001 0.01 1 3.786630920900636e-09 0 0 1
Step 141 1.410000000000001 0.01 0 4.372735533006861e-07 0 0 1
Step 142 1.420000000000001 0.01 1 9.878167619740788e-10 0 0 1
Step 143 1.430000000000001 0.01 0 9.087914213560418e-08 0 0 1
Step 144 1.440000000000001 0.01 1 3.292722539913596e-09 0 0 1
Step 145 1.450000000000001 0.01 0 2.991438428037166e-07 0 0 1
Step 146 1.460000000000001 0.01 0 1.568982290456575e-07 0 0 1
Step 147 1.470000000000001 0.01 0 5.581164706473939e-07 0 0 1
Step 148 1.480000000000001 0.01 0 7.466248360073551e-07 0 0 1
Step 149 1.490000000000001 0.01 1 0 0 0 1
Step 150 1.500000000000001 0.01 1 3.786630920900636e-09 0 0 1
Step 151 1.510000000000001 0.01 1 9.878167619740788e-10 0 0 1
Step 152 1.520000000000001 0.01 1 2.140269650943837e-09 0 0 1
Step 153 1.530000000000001 0.01 0 3.829436313919516e-07 0 0 1
Step 154 1.540000000000001 0.01 0 1.275929984216521e-07 0 0 1
Step 155 1.550000000000001 0.01 0 9.695421518775584e-07 0 0 1
Step 156 1.560000000000001 0.01 0 6.585445090487086e-10 0 0 1
Step 157 1.570000000000001 0.01 1 3.621994793904956e-09 0 0 1
Step 158 1.580000000000001 0.01 0 9.8929848711704e-07 0 0 1
Step 159 1.590000000000001 0.01 0 3.878827152018539e-07 0 0 1
Step 160 1.600000000000001 0.01 1 3.128086412917916e-09 0 0 1
Step 161 1.610000000000001 0.01 0 5.202501613178243e-08 0 0 1
Step 162 1.620000000000001 0.01 0 6.392820811242422e-07 0 0 1
Step 163 1.630000000000001 0.01 0 6.79947204537688e-08 0 0 1
Step 164 1.640000000000001 0.01 1 2.798814158926557e-09 0 0 1
Step 165 1.650000000000001 0.01 0 9.407308296573397e-07 0 0 1
Step 166 1.660000000000001 0.01 0 8.646689389813581e-07 0 0 1
Step 167 1.670000000000001 0.01 1 6.585445079827193e-10 0 0 1
Step 168 1.680000000000001 0.01 1 2.963450285922237e-09 0 0 1
Step 169 1.690000000000001 0.01 1 3.292722539913596e-10 0 0 1
Step 170 1.700000000000001 0.01 0 2.216002269368059e-07 0 0 1
Step 171 1.710000000000001 0.01 0 4.134013148867367e-07 0 0 1
Step 172 1.720000000000001 0.01 0 9.743165995623898e-07 0 0 1
Step 173 1.730000000000001 0.01 1 1.646361269956798e-10 0 0 1
Step 174 1.740000000000001 0.01 0 6.922949140197541e-07 0 0 1
Step 175 1.750000000000001 0.01 1 0 0 0 1
Step 176 1.760000000000001 0.01 1 1.646361269956798e-10 0 0 1
Step 177 1.770000000000001 0.01 1 3.128086412917916e-09 0 0 1
Step 178 1.780000000000001 0.01 1 1.810997396952478e-09 0 0 1
Step 179 1.790000000000001 0.01 0 5.251892451162252e-08 0 0 1
Step 180 1.800000000000001 0.01 0 1.020743987373979e-08 0 0 1
Step 181 1.810000000000001 0.01 0 1.163977417859531e-07 0 0 1
Step 182 1.820000000000001 0.01 0 3.671385632007649e-08 0 0 1
Step 183 1.830000000000001 0.01 0 2.746130598287959e-07 0 0 1
Step 184 1.840000000000001 0.01 0 9.598286203850742e-08 0 0 1
Step 185 1.850000000000001 0.01 0 7.800459697055576e-07 0 0 1
Step 186 1.860000000000001 0.01 0 2.899242196398154e-07 0 0 1
Step 187 1.870000000000001 0.01 1 9.878167619740788e-10 0 0 1
Step 188 1.880000000000001 0.01 1 2.963450285922237e-09 0 0 1
Step 189 1.890000000000001 0.01 0 6.853801966849188e-07 0 0 1
Step 190 1.900000000000001 0.01 0 7.56338367419356e-07 0 0 1
Step 191 1.910000000000001 0.01 1 3.292722539913596e-09 0 0 1
Step 192 1.920000000000001 0.01 1 2.963450285922237e-09 0 0 1
Step 193 1.930000000000001 0.01 1 0 0 0 1
Step 194 1.940000000000002 0.01 1 2.469541904935197e-09 0 0 1
Step 195 1.950000000000002 0.01 0 8.890350857782308e-09 0 0 1
Step 196 1.960000000000002 0.01 0 1.135989276275073e-08 0 0 1
Step 197 1.970000000000002 0.01 0 1.053671212790858e-08 0 0 1
Step 198 1.980000000000002 0.01 0 6.980571784627266e-08 0 0 1
Step 199 1.990000000000002 0.01 0 3.885412597158358e-08 0 0 1
Step 200 2.000000000000001 0.01 0 2.917352170366358e-07 0 0 1
Step 201 2.010000000000001 0.01 0 1.962462633798841e-07 0 0 1
Step 202 2.020000000000001 0.01 0 8.058938416444825e-07 0 0 1
Step 203 2.030000000000001 0.01 0 4.02699966633805e-07 0 0 1
Step 204 2.04 0.01 1 1.646361269956798e-10 0 0 1
Step 205 2.05 0.01 1 1.646361269956798e-09 0 0 1
Step 206 2.06 0.01 1 2.304905777939517e-09 0 0 1
Step 207 2.07 0.01 1 2.140269650943837e-09 0 0 1
Step 208 2.08 0.01 0 3.2597953145147e-08 0 0 1
Step 209 2.089999999999999 0.01 0 9.878167621144561e-10 0 0 1
Step 210 2.099999999999999 0.01 0 6.601908692529715e-08 0 0 1
Step 211 2.109999999999999 0.01 0 1.448797917561982e-08 0 0 1
Step 212 2.119999999999999 0.01 0 2.130391483324103e-07 0 0 1
Step 213 2.129999999999999 0.01 0 7.079353463998428e-09 0 0 1
Step 214 2.139999999999998 0.01 0 6.285807328695386e-07 0 0 1
Step 215 2.149999999999998 0.01 0 1.432334306910953e-08 0 0 1
Step 216 2.159999999999998 0.01 1 8.231806349783991e-10 0 0 1
Step 217 2.169999999999998 0.01 0 9.125780519377051e-07 0 0 1
Step 218 2.179999999999997 0.01 0 5.12512263339145e-07 0 0 1
Step 219 2.189999999999997 0.01 1 0 0 0 1
Step 220 2.199999999999997 0.01 1 2.140269650943837e-09 0 0 1
Step 221 2.209999999999997 0.01 1 1.481725142961118e-09 0 0 1
Step 222 2.219999999999997 0.01 1 2.140269650943837e-09 0 0 1
Step 223 2.229999999999996 0.01 0 3.062231962120097e-08 0 0 1
Step 224 2.239999999999996 0.01 0 2.30490577794136e-08 0 0 1
Step 225 2.249999999999996 0.01 0 8.00131577199135e-08 0 0 1
Step 226 2.259999999999996 0.01 0 2.057951587450209e-08 0 0 1
Step 227 2.269999999999996 0.01 0 1.598616793128268e-07 0 0 1
Step 228 2.279999999999995 0.01 0 2.239051327149955e-08 0 0 1
Step 229 2.289999999999995 0.01 0 3.664800186924424e-07 0 0 1
Step 230 2.299999999999995 0.01 0 1.335198989936054e-07 0 0 1
Step 231 2.309999999999995 0.01 0 9.351332013356353e-07 0 0 1
Step 232 2.319999999999995 0.01 0 4.698715064458934e-07 0 0 1
Step 233 2.329999999999994 0.01 1 1.646361269956798e-09 0 0 1
Step 234 2.339999999999994 0.01 1 3.292722539913596e-09 0 0 1
Step 235 2.349999999999994 0.01 0 1.761606560901182e-08 0 0 1
Step 236 2.359999999999994 0.01 0 7.227525975207473e-08 0 0 1
Step 237 2.369999999999993 0.01 0 1.30227176472489e-07 0 0 1
Step 238 2.379999999999993 0.01 0 2.538689078275252e-07 0 0 1
Step 239 2.389999999999993 0.01 0 3.585774846286106e-07 0 0 1
Step 240 2.399999999999993 0.01 0 5.879156095028817e-07 0 0 1
Step 241 2.409999999999993 0.01 0 6.985510869200871e-07 0 0 1
Step 242 2.419999999999992 0.01 1 0 0 0 1
Step 243 2.429999999999992 0.01 1 3.621994793904956e-09 0 0 1
Step 244 2.439999999999992 0.01 1 2.798814158926557e-09 0 0 1
Step 245 2.449999999999992 0.01 1 3.292722539913596e-09 0 0 1
Step 246 2.459999999999992 0.01 0 5.754032638499011e-07 0 0 1
Step 247 2.469999999999991 0.01 0 1.908132711879933e-07 0 0 1
Step 248 2.479999999999991 0.01 1 1.646361269956798e-09 0 0 1
Step 249 2.489999999999991 0.01 0 3.836021758999362e-08 0 0 1
Step 250 2.499999999999991 0.01 0 3.465590473259061e-07 0 0 1
Step 251 2.50999999999999 0.01 0 2.27527127508035e-07 0 0 1
Step 252 2.51999999999999 0.01 0 8.60882308060415e-07 0 0 1
Step 253 2.52999999999999 0.01 0 3.200526308797056e-07 0 0 1
Step 254 2.53999999999999 0.01 1 3.292722539913596e-10 0 0 1
Step 255 2.54999999999999 0.01 0 2.574909026213989e-07 0 0 1
Step 256 2.559999999999989 0.01 0 7.051365319226536e-07 0 0 1
Step 257 2.569999999999989 0.01 0 9.058279707303167e-07 0 0 1
Step 258 2.579999999999989 0.01 1 1.646361269956798e-09 0 0 1
Step 259 2.589999999999989 0.01 0 1.748435668987247e-07 0 0 1
Step 260 2.599999999999989 0.01 1 2.963450285922237e-09 0 0 1
Step 261 2.609999999999988 0.01 0 2.535396356724841e-07 0 0 1
Step 262 2.619999999999988 0.01 0 4.297002927657349e-08 0 0 1
Step 263 2.629999999999988 0.01 0 8.406320645748946e-07 0 0 1
Step 264 2.639999999999988 0.01 0 1.587092271256608e-07 0 0 1
Step 265 2.649999999999987 0.01 1 4.939083809870394e-10 0 0 1
Step 266 2.659999999999987 0.01 1 1.646361269956798e-09 0 0 1
Step 267 2.669999999999987 0.01 1 2.963450285922237e-09 0 0 1
Step 268 2.679999999999987 0.01 1 1.317089015965439e-09 0 0 1
Step 269 2.689999999999987 0.01 0 5.938425100734171e-07 0 0 1
Step 270 2.699999999999986 0.01 0 2.071122477605659e-07 0 0 1
Step 271 2.709999999999986 0.01 1 1.152452888969759e-09 0 0 1
Step 272 2.719999999999986 0.01 0 5.284819676561388e-08 0 0 1
Step 273 2.729999999999986 0.01 0 4.158708567911024e-07 0 0 1
Step 274 2.739999999999986 0.01 0 3.396443299921369e-07 0 0 1
Step 275 2.749999999999985 0.01 1 2.634178031930877e-09 0 0 1
Step 276 2.759999999999985 0.01 0 2.135330567133968e-07 0 0 1
Step 277 2.769999999999985 0.01 0 6.402698978864137e-07 0 0 1
Step 278 2.779999999999985 0.01 0 1.298979042002321e-07 0 0 1
Step 279 2.789999999999984 0.01 1 3.786630920900636e-09 0 0 1
Step 280 2.799999999999984 0.01 1 1.481725142961118e-09 0 0 1
Step 281 2.809999999999984 0.01 0 2.056305226190466e-07 0 0 1
Step 282 2.819999999999984 0.01 0 1.460322446456381e-07 0 0 1
Step 283 2.829999999999984 0.01 0 6.019096802996344e-07 0 0 1
Step 284 2.839999999999983 0.01 0 2.956864840845282e-07 0 0 1
Step 285 2.849999999999983 0.01 1 1.646361269956798e-09 0 0 1
Step 286 2.859999999999983 0.01 1 2.798814158926557e-09 0 0 1
Step 287 2.869999999999983 0.01 1 2.963450285922237e-09 0 0 1
Step 288 2.879999999999983 0.01 0 5.095488130520977e-07 0 0 1
Step 289 2.889999999999982 0.01 0 6.14422025948566e-07 0 0 1
Step 290 2.899999999999982 0.01 1 3.128086412917916e-09 0 0 1
Step 291 2.909999999999982 0.01 0 5.917022404231694e-07 0 0 1
Step 292 2.919999999999982 0.01 1 8.231806349783991e-10 0 0 1
Step 293 2.929999999999982 0.01 0 2.018438916968905e-07 0 0 1
Step 294 2.939999999999981 0.01 1 3.457358666909276e-09 0 0 1
Step 295 2.949999999999981 0.01 1 1.481725142961118e-09 0 0 1
Step 296 2.959999999999981 0.01 0 7.397101185924309e-07 0 0 1
Step 297 2.969999999999981 0.01 0 6.692458562382157e-07 0 0 1
Step 298 2.97999999999998 0.01 1 6.585445079827193e-10 0 0 1
Step 299 2.98999999999998 0.01 1 0 0 0 1
Step 300 2.99999999999998 0.01 1 4.939083809870394e-10 0 0 1
Step 301 3.00999999999998 0.01 1 2.304905777939517e-09 0 0 1
Step 302 3.01999999999998 0.01 0 1.350016241365152e-08 0 0 1
Step 303 3.029999999999979 0.01 0 1.893315460451966e-08 0 0 1
Step 304 3.039999999999979 0.01 0 4.856765746376052e-08 0 0 1
Step 305 3.049999999999979 0.01 0 4.050048724096312e-08 0 0 1
Step 306 3.059999999999979 0.01 0 9.054986984769367e-08 0 0 1
Step 307 3.069999999999979 0.01 0 6.075073086145207e-08 0 0 1
Step 308 3.079999999999978 0.01 0 1.675995772817313e-07 0 0 1
Step 309 3.089999999999978 0.01 0 3.078695574820592e-08 0 0 1
Step 310 3.099999999999978 0.01 0 2.782350546228933e-07 0 0 1
Step 311 3.109999999999978 0.01 0 1.603555876939677e-07 0 0 1
Step 312 3.119999999999977 0.01 0 4.461639041585674e-07 0 0 1
Step 313 3.129999999999977 0.01 0 7.879485038020902e-07 0 0 1
Step 314 3.139999999999977 0.01 0 9.473162747337044e-07 0 0 1
Step 315 3.149999999999977 0.01 1 3.292722539913596e-09 0 0 1
Step 316 3.159999999999977 0.01 1 1.646361269956798e-10 0 0 1
Step 317 3.169999999999976 0.01 1 3.786630920900636e-09 0 0 1
Step 318 3.179999999999976 0.01 1 1.810997396952478e-09 0 0 1
Step 319 3.189999999999976 0.01 0 2.123806038244311e-08 0 0 1
Step 320 3.199999999999976 0.01 0 1.646361270004175e-09 0 0 1
Step 321 3.209999999999976 0.01 0 2.436614679538337e-08 0 0 1
Step 322 3.219999999999975 0.01 0 4.362857365391951e-08 0 0 1
Step 323 3.229999999999975 0.01 0 4.576884330486734e-08 0 0 1
Step 324 3.239999999999975 0.01 0 1.144221082620569e-07 0 0 1
Step 325 3.249999999999975 0.01 0 1.620019489637626e-07 0 0 1
Step 326 3.259999999999974 0.01 0 2.388870202707474e-07 0 0 1
Step 327 3.269999999999974 0.01 0 5.814948005487626e-07 0 0 1
Step 328 3.279999999999974 0.01 0 5.090549046706653e-07 0 0 1
Step 329 3.289999999999974 0.01 1 2.798814158926557e-09 0 0 1
Step 330 3.299999999999974 0.01 1 3.292722539913596e-10 0 0 1
Step 331 3.309999999999973 0.01 0 1.906486350612809e-07 0 0 1
Step 332 3.319999999999973 0.01 0 1.992097136735824e-08 0 0 1
Step 333 3.329999999999973 0.01 0 4.081329588232902e-07 0 0 1
Step 334 3.339999999999973 0.01 0 1.598616793129574e-07 0 0 1
Step 335 3.349999999999973 0.01 0 8.92163172191461e-07 0 0 1
Step 336 3.359999999999972 0.01 0 7.382283934487457e-07 0 0 1
Step 337 3.369999999999972 0.01 1 3.457358666909276e-09 0 0 1
Step 338 3.379999999999972 0.01 0 7.612774512682177e-07 0 0 1
Step 339 3.389999999999972 0.01 1 1.646361269956798e-09 0 0 1
Step 340 3.399999999999971 0.01 0 6.076719449602115e-07 0 0 1
Step 341 3.409999999999971 0.01 1 1.152452888969759e-09 0 0 1
Step 342 3.419999999999971 0.01 1 1.317089015965439e-09 0 0 1
Step 343 3.429999999999971 0.01 1 4.939083809870394e-10 0 0 1
Step 344 3.439999999999971 0.01 1 2.469541904935197e-09 0 0 1
Step 345 3.44999999999997 0.01 1 1.481725142961118e-09 0 0 1
Step 346 3.45999999999997 0.01 0 3.358576990711868e-07 0 0 1
Step 347 3.46999999999997 0.01 0 1.078366631821706e-07 0 0 1
Step 348 3.47999999999997 0.01 0 8.095158364377581e-07 0 0 1
Step 349 3.48999999999997 0.01 0 7.820216032299224e-08 0 0 1
Step 350 3.499999999999969 0.01 1 3.292722539913596e-10 0 0 1
Step 351 3.509999999999969 0.01 0 9.092853293971438e-07 0 0 1
Step 352 3.519999999999969 0.01 0 1.348369880095646e-07 0 0 1
Step 353 3.529999999999969 0.01 1 8.231806349783991e-10 0 0 1
Step 354 3.539999999999969 0.01 0 6.028974970585661e-07 0 0 1
Step 355 3.549999999999968 0.01 0 5.250246089892316e-07 0 0 1
Step 356 3.559999999999968 0.01 1 1.810997396952478e-09 0 0 1
Step 357 3.569999999999968 0.01 0 6.272636438584975e-07 0 0 1
Step 358 3.579999999999968 0.01 1 1.646361269956798e-10 0 0 1
Step 359 3.589999999999967 0.01 0 9.529139030631067e-07 0 0 1
Step 360 3.599999999999967 0.01 1 6.585445079827193e-10 0 0 1
Step 361 3.609999999999967 0.01 1 1.317089015965439e-09 0 0 1
Step 362 3.619999999999967 0.01 1 8.231806349783991e-10 0 0 1
Step 363 3.629999999999967 0.01 1 3.457358666909276e-09 0 0 1
Step 364 3.639999999999966 0.01 0 2.102403341734842e-07 0 0 1
Step 365 3.649999999999966 0.01 0 7.359234876706993e-08 0 0 1
Step 366 3.659999999999966 0.01 0 5.192623445443761e-07 0 0 1
Step 367 3.669999999999966 0.01 0 1.613434044558522e-08 0 0 1
Step 368 3.679999999999966 0.01 1 0 0 0 1
Step 369 3.689999999999965 0.01 0 4.827131243513436e-07 0 0 1
Step 370 3.699999999999965 0.01 0 1.017451264833877e-07 0 0 1
Step 371 3.709999999999965 0.01 1 2.634178031930877e-09 0 0 1
Step 372 3.719999999999965 0.01 0 4.560420717812277e-08 0 0 1
Step 373 3.729999999999964 0.01 0 1.547579594437009e-08 0 0 1
Step 374 3.739999999999964 0.01 0 2.872900416086679e-07 0 0 1
Step 375 3.749999999999964 0.01 0 1.908132711930294e-07 0 0 1
Step 376 3.759999999999964 0.01 1 2.469541904935197e-09 0 0 1
Step 377 3.769999999999964 0.01 1 9.878167619740788e-10 0 0 1
Step 378 3.779999999999963 0.01 1 1.317089015965439e-09 0 0 1
Step 379 3.789999999999963 0.01 1 9.878167619740788e-10 0 0 1
Step 380 3.799999999999963 0.01 0 9.532431753050089e-08 0 0 1
Step 381 3.809999999999963 0.01 0 3.177477251016866e-08 0 0 1
Step 382 3.819999999999963 0.01 0 2.33124755825891e-07 0 0 1
Step 383 3.829999999999962 0.01 0 2.897595835130695e-08 0 0 1
Step 384 3.839999999999962 0.01 0 5.689824548971243e-07 0 0 1
Step 385 3.849999999999962 0.01 0 2.28844216542552e-08 0 0 1
Step 386 3.859999999999962 0.01 1 1.481725142961118e-09 0 0 1
Step 387 3.869999999999961 0.01 1 1.646361269956798e-10 0 0 1
Step 388 3.879999999999961 0.01 0 4.089561394579177e-07 0 0 1
Step 389 3.889999999999961 0.01 0 2.932169421797173e-07 0 0 1
Step 390 3.899999999999961 0.01 1 9.878167619740788e-10 0 0 1
Step 391 3.909999999999961 0.01 1 1.975633523948158e-09 0 0 1
Step 392 3.91999999999996 0.01 0 4.639446058744789e-07 0 0 1
Step 393 3.92999999999996 0.01 0 1.160684695321263e-07 0 0 1
Step 394 3.93999999999996 0.01 1 6.585445079827193e-10 0 0 1
Step 395 3.94999999999996 0.01 1 1.317089015965439e-09 0 0 1
Step 396 3.95999999999996 0.01 0 3.516627672631389e-07 0 0 1
Step 397 3.969999999999959 0.01 0 6.50148065506701e-07 0 0 1
Step 398 3.979999999999959 0.01 1 3.621994793904956e-09 0 0 1
Step 399 3.989999999999959 0.01 0 1.926242685852333e-08 0 0 1
Step 400 3.999999999999959 0.01 1 8.231806349783991e-10 0 0 1
Step 401 4.009999999999959 0.01 1 1.646361269956798e-10 0 0 1
Step 402 4.019999999999959 0.01 0 5.992755022651075e-08 0 0 1
Step 403 4.029999999999959 0.01 0 3.671385632008287e-08 0 0 1
Step 404 4.039999999999958 0.01 0 1.675995772818205e-07 0 0 1
Step 405 4.049999999999958 0.01 0 6.387881727439554e-08 0 0 1
Step 406 4.059999999999958 0.01 0 4.097793200927617e-07 0 0 1
Step 407 4.069999999999958 0.01 0 5.004938260673099e-08 0 0 1
Step 408 4.079999999999957 0.01 0 9.068157874933354e-07 0 0 1
Step 409 4.089999999999957 0.01 0 2.66216617352394e-07 0 0 1
Step 410 4.099999999999957 0.01 1 6.585445079827193e-10 0 0 1
Step 411 4.109999999999957 0.01 1 2.140269650943837e-09 0 0 1
Step 412 4.119999999999957 0.01 1 2.304905777939517e-09 0 0 1
Step 413 4.129999999999956 0.01 0 4.896278416857253e-07 0 0 1
Step 414 4.139999999999956 0.01 0 6.382942643630197e-07 0 0 1
Step 415 4.149999999999956 0.01 1 2.304905777939517e-09 0 0 1
Step 416 4.159999999999956 0.01 0 6.759959374450498e-07 0 0 1
Step 417 4.169999999999956 0.01 1 2.634178031930877e-09 0 0 1
Step 418 4.179999999999955 0.01 0 2.808692326549141e-07 0 0 1
Step 419 4.189999999999955 0.01 1 3.786630920900636e-09 0 0 1
Step 420 4.199999999999955 0.01 1 3.292722539913596e-09 0 0 1
Step 421 4.209999999999955 0.01 1 1.646361269956798e-10 0 0 1
Step 422 4.219999999999954 0.01 0 4.178464903155532e-07 0 0 1
Step 423 4.229999999999954 0.01 0 5.54000567341146e-07 0 0 1
Step 424 4.239999999999954 0.01 1 2.798814158926557e-09 0 0 1
Step 425 4.249999999999954 0.01 0 5.88903426264227e-07 0 0 1
Step 426 4.259999999999954 0.01 1 9.878167619740788e-10 0 0 1
Step 427 4.269999999999953 0.01 0 2.523871826846311e-07 0 0 1
Step 428 4.279999999999953 0.01 1 1.975633523948158e-09 0 0 1
Step 429 4.289999999999953 0.01 1 1.646361269956798e-09 0 0 1
Step 430 4.299999999999953 0.01 0 9.2591357822476e-07 0 0 1
Step 431 4.309999999999953 0.01 0 8.284489910432404e-07 0 0 1
Step 432 4.319999999999952 0.01 1 2.140269650943837e-09 0 0 1
Step 433 4.329999999999952 0.01 1 1.646361269956798e-10 0 0 1
Step 434 4.339999999999952 0.01 1 4.939083809870394e-10 0 0 1
Step 435 4.349999999999952 0.01 1 2.304905777939517e-09 0 0 1
Step 436 4.359999999999951 0.01 0 4.115903174900418e-09 0 0 1
Step 437 4.369999999999951 0.01 0 1.350016241365602e-08 0 0 1
Step 438 4.379999999999951 0.01 0 3.671385632008287e-08 0 0 1
Step 439 4.389999999999951 0.01 0 3.770167308203367e-08 0 0 1
Step 440 4.399999999999951 0.01 0 7.622652679909537e-08 0 0 1
Step 441 4.40999999999995 0.01 0 4.445175429008135e-09 0 0 1
Step 442 4.41999999999995 0.01 0 5.910436959156401e-08 0 0 1
Step 443 4.42999999999995 0.01 0 1.600263154401739e-07 0 0 1
Step 444 4.43999999999995 0.01 0 1.432334304879901e-08 0 0 1
Step 445 4.44999999999995 0.01 0 6.038853138212948e-07 0 0 1
Step 446 4.459999999999949 0.01 0 1.147513805160523e-07 0 0 1
Step 447 4.469999999999949 0.01 1 3.457358666909276e-09 0 0 1
Step 448 4.479999999999949 0.01 1 1.317089015965439e-09 0 0 1
Step 449 4.489999999999949 0.01 1 4.939083809870394e-10 0 0 1
Step 450 4.499999999999948 0.01 0 1.672703050277203e-07 0 0 1
Step 451 4.509999999999948 0.01 0 2.010207110619363e-07 0 0 1
Step 452 4.519999999999948 0.01 0 5.775435335013043e-07 0 0 1
Step 453 4.529999999999948 0.01 0 4.603226110805039e-07 0 0 1
Step 454 4.539999999999948 0.01 1 2.963450285922237e-09 0 0 1
Step 455 4.549999999999947 0.01 0 7.673689879275034e-07 0 0 1
Step 456 4.559999999999947 0.01 1 3.128086412917916e-09 0 0 1
Step 457 4.569999999999947 0.01 0 7.859728702777287e-07 0 0 1
Step 458 4.579999999999947 0.01 1 3.292722539913596e-10 0 0 1
Step 459 4.589999999999947 0.01 1 2.963450285922237e-09 0 0 1
Step 460 4.599999999999946 0.01 1 1.975633523948158e-09 0 0 1
Step 461 4.609999999999946 0.01 0 7.136976105273868e-07 0 0 1
Step 462 4.619999999999946 0.01 1 2.140269650943837e-09 0 0 1
Step 463 4.629999999999946 0.01 1 2.798814158926557e-09 0 0 1
Step 464 4.639999999999946 0.01 1 3.292722539913596e-10 0 0 1
Step 465 4.649999999999945 0.01 1 4.939083809870394e-10 0 0 1
Step 466 4.659999999999945 0.01 0 9.219623111758069e-09 0 0 1
Step 467 4.669999999999945 0.01 0 4.28053930192007e-09 0 0 1
Step 468 4.679999999999945 0.01 0 2.140269651348772e-09 0 0 1
Step 469 4.689999999999944 0.01 0 3.539676730412625e-08 0 0 1
Step 470 4.699999999999944 0.01 0 1.745142946161357e-08 0 0 1
Step 471 4.709999999999944 0.01 0 2.387223841437503e-08 0 0 1
Step 472 4.719999999999944 0.01 0 1.62825129598758e-07 0 0 1
Step 473 4.729999999999944 0.01 0 3.687849244752955e-08 0 0 1
Step 474 4.739999999999943 0.01 0 5.25683153497398e-07 0 0 1
Step 475 4.749999999999943 0.01 0 5.334210514934606e-08 0 0 1
Step 476 4.759999999999943 0.01 1 1.975633523948158e-09 0 0 1
Step 477 4.769999999999943 0.01 1 6.585445079827193e-10 0 0 1
Step 478 4.779999999999943 0.01 0 7.181427859565587e-07 0 0 1
Step 479 4.789999999999942 0.01 0 5.709580884218774e-07 0 0 1
Step 480 4.799999999999942 0.01 1 2.140269650943837e-09 0 0 1
Step 481 4.809999999999942 0.01 1 9.878167619740788e-10 0 0 1
Step 482 4.819999999999942 0.01 0 9.387551961307922e-07 0 0 1
Step 483 4.829999999999941 0.01 0 3.060585600854327e-07 0 0 1
Step 484 4.839999999999941 0.01 1 1.646361269956798e-10 0 0 1
Step 485 4.849999999999941 0.01 1 2.140269650943837e-09 0 0 1
Step 486 4.859999999999941 0.01 0 4.820545798437713e-07 0 0 1
Step 487 4.869999999999941 0.01 1 2.469541904935197e-09 0 0 1
Step 488 4.87999999999994 0.01 1 1.481725142961118e-09 0 0 1
Step 489 4.88999999999994 0.01 1 0 0 0 1
Step 490 4.89999999999994 0.01 0 6.687519478573007e-07 0 0 1
Step 491 4.90999999999994 0.01 0 9.199866776529736e-07 0 0 1
Step 492 4.91999999999994 0.01 1 2.963450285922237e-09 0 0 1
Step 493 4.929999999999939 0.01 0 8.628579415854058e-07 0 0 1
Step 494 4.939999999999939 0.01 1 3.786630920900636e-09 0 0 1
Step 495 4.949999999999939 0.01 0 1.801119229335232e-07 0 0 1
Step 496 4.959999999999939 0.01 1 6.585445079827193e-10 0 0 1
Step 497 4.969999999999938 0.01 1 3.128086412917916e-09 0 0 1
Step 498 4.979999999999938 0.01 0 7.759300665315914e-07 0 0 1
Step 499 4.989999999999938 0.01 0 6.970693617005748e-07 0 0 1
Step 500 4.999999999999938 0.01 1 3.292722539913596e-09 0 0 1
Step 501 5.009999999999938 0.01 1 1.646361269956798e-09 0 0 1
Step 502 5.019999999999937 0.01 1 1.646361269956798e-10 0 0 1
Step 503 5.029999999999937 0.01 1 8.231806349783991e-10 0 0 1
Step 504 5.039999999999937 0.01 0 4.163336342344337e-15 0 0 1
Step 505 5.049999999999937 0.01 0 1.366479854065728e-08 0 0 1
Step 506 5.059999999999937 0.01 0 8.231806349800836e-09 0 0 1
Step 507 5.069999999999936 0.01 0 2.304905777941924e-08 0 0 1
Step 508 5.079999999999936 0.01 0 1.909779073152109e-08 0 0 1
Step 509 5.089999999999936 0.01 0 1.152452888977279e-09 0 0 1
Step 510 5.099999999999936 0.01 0 1.170562862940652e-07 0 0 1
Step 511 5.109999999999935 0.01 0 3.572603955814112e-08 0 0 1
Step 512 5.119999999999935 0.01 0 2.993084788784963e-07 0 0 1
Step 513 5.129999999999935 0.01 0 2.123806038257491e-08 0 0 1
Step 514 5.139999999999935 0.01 0 6.717153981431418e-07 0 0 1
Step 515 5.149999999999935 0.01 0 1.517945090900828e-07 0 0 1
Step 516 5.159999999999934 0.01 1 4.939083809870394e-10 0 0 1
Step 517 5.169999999999934 0.01 1 3.621994793904956e-09 0 0 1
Step 518 5.179999999999934 0.01 1 8.231806349783991e-10 0 0 1
Step 519 5.189999999999934 0.01 0 1.308857209617515e-07 0 0 1
Step 520 5.199999999999934 0.01 0 1.880144570293188e-07 0 0 1
Step 521 5.209999999999933 0.01 0 5.531773867062084e-07 0 0 1
Step 522 5.219999999999933 0.01 0 5.82811889565446e-07 0 0 1
Step 523 5.229999999999933 0.01 1 3.292722539913596e-09 0 0 1
Step 524 5.239999999999933 0.01 0 8.161012815185406e-07 0 0 1
Step 525 5.249999999999932 0.01 1 3.621994793904956e-09 0 0 1
Step 526 5.259999999999932 0.01 0 6.404345340139354e-07 0 0 1
Step 527 5.269999999999932 0.01 1 1.975633523948158e-09 0 0 1
Step 528 5.279999999999932 0.01 1 8.231806349783991e-10 0 0 1
Step 529 5.289999999999932 0.01 1 1.810997396952478e-09 0 0 1
Step 530 5.299999999999931 0.01 1 1.646361269956798e-09 0 0 1
Step 531 5.309999999999931 0.01 0 9.384259238757443e-09 0 0 1
Step 532 5.319999999999931 0.01 0 1.317089015972019e-09 0 0 1
Step 533 5.329999999999931 0.01 0 2.94698667322411e-08 0 0 1
Step 534 5.339999999999931 0.01 0 9.38425923876206e-09 0 0 1
Step 535 5.34999999999993 0.01 0 1.959169911248767e-08 0 0 1
Step 536 5.35999999999993 0.01 0 1.20513644960947e-07 0 0 1
Step 537 5.36999999999993 0.01 0 6.865326495748933e-08 0 0 1
Step 538 5.37999999999993 0.01 0 4.469870847936727e-07 0 0 1
Step 539 5.38999999999993 0.01 0 2.499176407802015e-07 0 0 1
Step 540 5.399999999999929 0.01 1 2.140269650943837e-09 0 0 1
Step 541 5.409999999999929 0.01 0 9.20645222160218e-07 0 0 1
Step 542 5.419999999999929 0.01 1 2.304905777939517e-09 0 0 1
Step 543 5.429999999999929 0.01 1 1.646361269956798e-10 0 0 1
Step 544 5.439999999999928 0.01 1 1.481725142961118e-09 0 0 1
Step 545 5.449999999999928 0.01 0 7.484358333235836e-07 0 0 1
Step 546 5.459999999999928 0.01 1 3.128086412917916e-09 0 0 1
Step 547 5.469999999999928 0.01 1 2.963450285922237e-09 0 0 1
Step 548 5.479999999999928 0.01 1 1.810997396952478e-09 0 0 1
Step 549 5.489999999999927 0.01 1 2.469541904935197e-09 0 0 1
Step 550 5.499999999999927 0.01 0 5.103719936881357e-09 0 0 1
Step 551 5.509999999999927 0.01 0 7.079353460844837e-09 0 0 1
Step 552 5.519999999999927 0.01 0 2.535396355745809e-08 0 0 1
Step 553 5.529999999999927 0.01 0 8.742178343483446e-08 0 0 1
Step 554 5.539999999999926 0.01 0 1.419163414705926e-07 0 0 1
Step 555 5.549999999999926 0.01 0 2.802106881469688e-07 0 0 1
Step 556 5.559999999999926 0.01 0 3.572603955813512e-07 0 0 1
Step 557 5.569999999999926 0.01 0 6.211721071552978e-07 0 0 1
Step 558 5.579999999999925 0.01 0 6.623311389050797e-07 0 0 1
Step 559 5.589999999999925 0.01 1 2.469541904935197e-09 0 0 1
Step 560 5.599999999999925 0.01 0 2.110635148091879e-07 0 0 1
Step 561 5.609999999999925 0.01 1 2.304905777939517e-09 0 0 1
Step 562 5.619999999999925 0.01 0 9.479748192472867e-07 0 0 1
Step 563 5.629999999999924 0.01 1 2.304905777939517e-09 0 0 1
Step 564 5.639999999999924 0.01 1 6.585445079827193e-10 0 0 1
Step 565 5.649999999999924 0.01 1 3.621994793904956e-09 0 0 1
Step 566 5.659999999999924 0.01 1 2.634178031930877e-09 0 0 1
Step 567 5.669999999999924 0.01 0 1.224892784847858e-07 0 0 1
Step 568 5.679999999999923 0.01 0 2.041487974749147e-08 0 0 1
Step 569 5.689999999999923 0.01 0 2.729666985588417e-07 0 0 1
Step 570 5.699999999999923 0.01 0 7.869606870401523e-08 0 0 1
Step 571 5.709999999999923 0.01 0 5.546591118484585e-07 0 0 1
Step 572 5.719999999999922 0.01 0 4.372735533005675e-07 0 0 1
Step 573 5.729999999999922 0.01 1 1.646361269956798e-10 0 0 1
Step 574 5.739999999999922 0.01 1 2.469541904935197e-09 0 0 1
Step 575 5.749999999999922 0.01 0 4.667434200331267e-07 0 0 1
Step 576 5.759999999999922 0.01 0 3.284490733567182e-07 0 0 1
Step 577 5.769999999999921 0.01 1 2.963450285922237e-09 0 0 1
Step 578 5.779999999999921 0.01 0 9.178464080019747e-07 0 0 1
Step 579 5.789999999999921 0.01 1 1.152452888969759e-09 0 0 1
Step 580 5.799999999999921 0.01 1 3.292722539913596e-10 0 0 1
Step 581 5.809999999999921 0.01 1 1.810997396952478e-09 0 0 1
Step 582 5.81999999999992 0.01 1 3.128086412917916e-09 0 0 1
Step 583 5.82999999999992 0.01 0 1.317089015972019e-09 0 0 1
Step 584 5.83999999999992 0.01 0 1.481725142961645e-08 0 0 1
Step 585 5.84999999999992 0.01 0 1.234770952469353e-08 0 0 1
Step 586 5.859999999999919 0.01 0 2.551859968433886e-08 0 0 1
Step 587 5.869999999999919 0.01 0 7.079353460844837e-09 0 0 1
Step 588 5.879999999999919 0.01 0 3.177477251016729e-08 0 0 1
Step 589 5.889999999999919 0.01 0 3.045768349420333e-08 0 0 1
Step 590 5.899999999999919 0.01 0 3.045768349424886e-08 0 0 1
Step 591 5.909999999999918 0.01 0 1.443858833752487e-07 0 0 1
Step 592 5.919999999999918 0.01 0 3.111622800290794e-08 0 0 1
Step 593 5.929999999999918 0.01 0 4.346393752687068e-07 0 0 1
Step 594 5.939999999999918 0.01 0 9.137305048423e-08 0 0 1
Step 595 5.949999999999918 0.01 1 3.292722539913596e-09 0 0 1
Step 596 5.959999999999917 0.01 1 3.621994793904956e-09 0 0 1
Step 597 5.969999999999917 0.01 0 7.023377177654182e-07 0 0 1
Step 598 5.979999999999917 0.01 0 6.894960998590308e-07 0 0 1
Step 599 5.989999999999917 0.01 1 1.317089015965439e-09 0 0 1
Step 600 5.999999999999917 0.01 1 1.646361269956798e-10 0 0 1
Step 601 6.009999999999916 0.01 1 2.469541904935197e-09 0 0 1
Step 602 6.019999999999916 0.01 1 2.634178031930877e-09 0 0 1
Step 603 6.029999999999916 0.01 0 2.634178031930877e-08 0 0 1
Step 604 6.039999999999916 0.01 0 1.465261530261787e-08 0 0 1
Step 605 6.049999999999915 0.01 0 8.495224152977905e-08 0 0 1
Step 606 6.059999999999915 0.01 0 6.651299530632969e-08 0 0 1
Step 607 6.069999999999915 0.01 0 2.255514939841258e-07 0 0 1
Step 608 6.079999999999915 0.01 0 8.198879124410234e-08 0 0 1
Step 609 6.089999999999915 0.01 0 3.903522571067872e-07 0 0 1
Step 610 6.099999999999914 0.01 0 1.402699802004084e-07 0 0 1
Step 611 6.109999999999914 0.01 0 5.966413242323576e-07 0 0 1
Step 612 6.119999999999914 0.01 0 9.129073241910549e-07 0 0 1
Step 613 6.129999999999914 0.01 1 2.963450285922237e-09 0 0 1
Step 614 6.139999999999914 0.01 1 2.798814158926557e-09 0 0 1
Step 615 6.149999999999913 0.01 0 7.286794980829306e-07 0 0 1
Step 616 6.159999999999913 0.01 0 2.64570256082085e-07 0 0 1
Step 617 6.169999999999913 0.01 1 6.585445079827193e-10 0 0 1
Step 618 6.179999999999913 0.01 0 5.798484392793941e-07 0 0 1
Step 619 6.189999999999912 0.01 1 3.292722539913596e-10 0 0 1
Step 620 6.199999999999912 0.01 1 3.128086412917916e-09 0 0 1
Step 621 6.209999999999912 0.01 1 3.621994793904956e-09 0 0 1
Step 622 6.219999999999912 0.01 0 9.132365964461394e-07 0 0 1
Step 623 6.229999999999912 0.01 1 2.634178031930877e-09 0 0 1
Step 624 6.239999999999911 0.01 1 1.646361269956798e-09 0 0 1
Step 625 6.249999999999911 0.01 1 3.128086412917916e-09 0 0 1
Step 626 6.259999999999911 0.01 1 0 0 0 1
Step 627 6.269999999999911 0.01 0 1.070134825472243e-08 0 0 1
Step 628 6.279999999999911 0.01 0 1.481725142984514e-09 0 0 1
Step 629 6.28999999999991 0.01 0 3.901876209799833e-08 0 0 1
Step 630 6.29999999999991 0.01 0 3.177477251025458e-08 0 0 1
Step 631 6.30999999999991 0.01 0 1.050378490233039e-07 0 0 1
Step 632 6.31999999999991 0.01 0 5.186038000384386e-08 0 0 1
Step 633 6.329999999999909 0.01 0 1.997036220458291e-07 0 0 1
Step 634 6.339999999999909 0.01 0 6.914717336951972e-09 0 0 1
Step 635 6.349999999999909 0.01 0 3.579189400886486e-07 0 0 1
Step 636 6.359999999999909 0.01 0 2.479420072555615e-07 0 0 1
Step 637 6.369999999999909 0.01 0 6.89660735984904e-07 0 0 1
Step 638 6.379999999999908 0.01 0 9.767861414653727e-07 0 0 1
Step 639 6.389999999999908 0.01 1 1.152452888969759e-09 0 0 1
Step 640 6.399999999999908 0.01 1 1.975633523948158e-09 0 0 1
Step 641 6.409999999999908 0.01 0 5.479090306417162e-07 0 0 1
Step 642 6.419999999999908 0.01 0 7.869606870438603e-08 0 0 1
Step 643 6.429999999999907 0.01 1 3.292722539913596e-09 0 0 1
Step 644 6.439999999999907 0.01 0 4.344747391422597e-07 0 0 1
Step 645 6.449999999999907 0.01 0 5.43628491341847e-07 0 0 1
Step 646 6.459999999999907 0.01 1 3.128086412917916e-09 0 0 1
Step 647 6.469999999999906 0.01 1 3.292722539913596e-10 0 0 1
Step 648 6.479999999999906 0.01 1 8.231806349783991e-10 0 0 1
Step 649 6.489999999999906 0.01 1 1.481725142961118e-09 0 0 1
Step 650 6.499999999999906 0.01 0 3.934803435196836e-08 0 0 1
Step 651 6.509999999999906 0.01 0 2.667105257330305e-08 0 0 1
Step 652 6.519999999999905 0.01 0 9.680604267346411e-08 0 0 1
Step 653 6.529999999999905 0.01 0 2.634178031934167e-09 0 0 1
Step 654 6.539999999999905 0.01 0 1.470200614072185e-07 0 0 1
Step 655 6.549999999999905 0.01 0 1.72044752710512e-07 0 0 1
Step 656 6.559999999999905 0.01 0 1.810997396960566e-07 0 0 1
Step 657 6.569999999999904 0.01 0 6.862033773180683e-07 0 0 1
Step 658 6.579999999999904 0.01 0 3.67797107710946e-07 0 0 1
Step 659 6.589999999999904 0.01 1 2.963450285922237e-09 0 0 1
Step 660 6.599999999999904 0.01 1 1.975633523948158e-09 0 0 1
Step 661 6.609999999999904 0.01 1 2.140269650943837e-09 0 0 1
Step 662 6.619999999999903 0.01 1 6.585445079827193e-10 0 0 1
Step 663 6.629999999999903 0.01 0 1.106354773410968e-07 0 0 1
Step 664 6.639999999999903 0.01 0 4.494566266982136e-08 0 0 1
Step 665 6.649999999999903 0.01 0 2.700032482729149e-07 0 0 1
Step 666 6.659999999999902 0.01 0 2.206124101747767e-08 0 0 1
Step 667 6.669999999999902 0.01 0 5.758971722308882e-07 0 0 1
Step 668 6.679999999999902 0.01 0 1.824168287112855e-07 0 0 1
Step 669 6.689999999999902 0.01 1 1.646361269956798e-10 0 0 1
Step 670 6.699999999999902 0.01 0 9.833715865452548e-07 0 0 1
Step 671 6.709999999999901 0.01 0 8.067170223958239e-09 0 0 1
Step 672 6.719999999999901 0.01 1 1.317089015965439e-09 0 0 1
Step 673 6.729999999999901 0.01 0 2.250575856088023e-07 0 0 1
Step 674 6.739999999999901 0.01 0 3.388211493585097e-07 0 0 1
Step 675 6.749999999999901 0.01 0 6.914718925757288e-09 0 0 1
Step 676 6.7599999999999 0.01 1 8.231806349783991e-10 0 0 1
Step 677 6.7699999999999 0.01 1 1.975633523948158e-09 0 0 1
Step 678 6.7799999999999 0.01 1 3.292722539913596e-09 0 0 1
Step 679 6.7899999999999 0.01 1 8.231806349783991e-10 0 0 1
Step 680 6.799999999999899 0.01 0 3.212050837685714e-07 0 0 1
Step 681 6.809999999999899 0.01 0 1.203490088338437e-07 0 0 1
Step 682 6.819999999999899 0.01 0 8.090219280567708e-07 0 0 1
Step 683 6.829999999999899 0.01 0 3.226868089129532e-08 0 0 1
Step 684 6.839999999999899 0.01 1 2.469541904935197e-09 0 0 1
Step 685 6.849999999999898 0.01 0 7.693446214508206e-07 0 0 1
Step 686 6.859999999999898 0.01 0 3.421138718970673e-07 0 0 1
Step 687 6.869999999999898 0.01 1 1.646361269956798e-09 0 0 1
Step 688 6.879999999999898 0.01 0 3.600592097405633e-07 0 0 1
Step 689 6.889999999999898 0.01 0 3.022719291641456e-07 0 0 1
Step 690 6.899999999999897 0.01 0 8.768520123819372e-07 0 0 1
Step 691 6.909999999999897 0.01 0 8.882119051416936e-07 0 0 1
Step 692 6.919999999999897 0.01 1 3.951267047896315e-09 0 0 1
Step 693 6.929999999999897 0.01 1 1.810997396952478e-09 0 0 1
Step 694 6.939999999999896 0.01 1 0 0 0 1
Step 695 6.949999999999896 0.01 0 3.900229848527727e-07 0 0 1
Step 696 6.959999999999896 0.01 0 1.634836741067272e-07 0 0 1
Step 697 6.969999999999896 0.01 1 9.878167619740788e-10 0 0 1
Step 698 6.979999999999896 0.01 0 9.450113689558707e-08 0 0 1
Step 699 6.989999999999895 0.01 0 4.204806683471015e-07 0 0 1
Step 700 6.999999999999895 0.01 0 4.802435824467172e-07 0 0 1
Step 701 7.009999999999895 0.01 1 2.798814158926557e-09 0 0 1
Step 702 7.019999999999895 0.01 0 7.243989589629631e-09 0 0 1
Step 703 7.029999999999895 0.01 1 2.963450285922237e-09 0 0 1
Step 704 7.039999999999894 0.01 0 5.836350701999802e-07 0 0 1
Step 705 7.049999999999894 0.01 0 7.984852159302944e-07 0 0 1
Step 706 7.059999999999894 0.01 1 6.585445079827193e-10 0 0 1
Step 707 7.069999999999894 0.01 0 1.766545642669157e-07 0 0 1
Step 708 7.079999999999893 0.01 1 2.798814158926557e-09 0 0 1
Step 709 7.089999999999893 0.01 0 9.904509400111173e-07 0 0 1
Step 710 7.099999999999893 0.01 1 3.457358666909276e-09 0 0 1
Step 711 7.109999999999893 0.01 1 2.634178031930877e-09 0 0 1
Step 712 7.119999999999893 0.01 1 3.457358666909276e-09 0 0 1
Step 713 7.129999999999892 0.01 1 2.140269650943837e-09 0 0 1
Step 714 7.139999999999892 0.01 0 1.104708412141012e-07 0 0 1
Step 715 7.149999999999892 0.01 0 5.186038000364516e-08 0 0 1
Step 716 7.159999999999892 0.01 0 3.052353794499945e-07 0 0 1
Step 717 7.169999999999892 0.01 0 8.462296927589782e-08 0 0 1
Step 718 7.179999999999891 0.01 0 7.089231628434267e-07 0 0 1
Step 719 7.189999999999891 0.01 0 3.836021759182342e-08 0 0 1
Step 720 7.199999999999891 0.01 1 3.457358666909276e-09 0 0 1
Step 721 7.209999999999891 0.01 1 1.646361269956798e-09 0 0 1
Step 722 7.219999999999891 0.01 0 6.774776625882326e-07 0 0 1
Step 723 7.22999999999989 0.01 0 5.777081696285865e-07 0 0 1
Step 724 7.23999999999989 0.01 1 3.786630920900636e-09 0 0 1
Step 725 7.24999999999989 0.01 1 4.939083809870394e-10 0 0 1
Step 726 7.25999999999989 0.01 1 1.152452888969759e-09 0 0 1
Step 727 7.269999999999889 0.01 1 3.786630920900636e-09 0 0 1
Step 728 7.279999999999889 0.01 0 1.201843727068751e-08 0 0 1
Step 729 7.289999999999889 0.01 0 7.90253409579263e-09 0 0 1
Step 730 7.299999999999889 0.01 0 5.400064965461909e-08 0 0 1
Step 731 7.309999999999889 0.01 0 1.843924622360826e-08 0 0 1
Step 732 7.319999999999888 0.01 0 1.797826506794127e-07 0 0 1
Step 733 7.329999999999888 0.01 0 7.968388546620313e-08 0 0 1
Step 734 7.339999999999888 0.01 0 4.947315616223913e-07 0 0 1
Step 735 7.349999999999888 0.01 0 1.038853961351763e-07 0 0 1
Step 736 7.359999999999888 0.01 1 3.457358666909276e-09 0 0 1
Step 737 7.369999999999887 0.01 1 3.786630920900636e-09 0 0 1
Step 738 7.379999999999887 0.01 0 3.212050837693238e-07 0 0 1
Step 739 7.389999999999887 0.01 0 1.032268516265271e-07 0 0 1
Step 740 7.399999999999887 0.01 0 7.87125323168178e-07 0 0 1
Step 741 7.409999999999886 0.01 0 2.140269651271834e-09 0 0 1
Step 742 7.419999999999886 0.01 1 1.317089015965439e-09 0 0 1
Step 743 7.429999999999886 0.01 1 3.292722539913596e-10 0 0 1
Step 744 7.439999999999886 0.01 1 3.292722539913596e-09 0 0 1
Step 745 7.449999999999886 0.01 0 4.033585111406531e-08 0 0 1
Step 746 7.459999999999885 0.01 0 5.630555543262655e-08 0 0 1
Step 747 7.469999999999885 0.01 0 1.679288495359663e-07 0 0 1
Step 748 7.479999999999885 0.01 0 1.857095512513964e-07 0 0 1
Step 749 7.489999999999885 0.01 0 4.283832024435926e-07 0 0 1
Step 750 7.499999999999885 0.01 0 3.61376298755904e-07 0 0 1
Step 751 7.509999999999884 0.01 0 8.910107193023431e-07 0 0 1
Step 752 7.519999999999884 0.01 0 5.088902685439297e-07 0 0 1
Step 753 7.529999999999884 0.01 1 3.292722539913596e-10 0 0 1
Step 754 7.539999999999884 0.01 1 3.128086412917916e-09 0 0 1
Step 755 7.549999999999883 0.01 0 4.487980821909499e-07 0 0 1
Step 756 7.559999999999883 0.01 1 1.975633523948158e-09 0 0 1
Step 757 7.569999999999883 0.01 0 8.836020935873438e-07 0 0 1
Step 758 7.579999999999883 0.01 0 6.075073086149359e-07 0 0 1
Step 759 7.589999999999883 0.01 1 9.878167619740788e-10 0 0 1
Step 760 7.599999999999882 0.01 1 4.939083809870394e-10 0 0 1
Step 761 7.609999999999882 0.01 1 1.975633523948158e-09 0 0 1
Step 762 7.619999999999882 0.01 1 3.292722539913596e-10 0 0 1
Step 763 7.629999999999882 0.01 0 4.115903174900418e-09 0 0 1
Step 764 7.639999999999882 0.01 0 4.115903174900418e-09 0 0 1
Step 765 7.649999999999881 0.01 0 2.74942332083318e-08 0 0 1
Step 766 7.659999999999881 0.01 0 1.070134825472648e-08 0 0 1
Step 767 7.669999999999881 0.01 0 8.906814470482634e-08 0 0 1
Step 768 7.679999999999881 0.01 0 4.29700291458926e-08 0 0 1
Step 769 7.68999999999988 0.01 0 2.968389369736891e-07 0 0 1
Step 770 7.69999999999988 0.01 0 1.547579593760199e-07 0 0 1
Step 771 7.70999999999988 0.01 0 7.94698585009422e-07 0 0 1
Step 772 7.71999999999988 0.01 0 3.035890181801138e-07 0 0 1
Step 773 7.72999999999988 0.01 1 1.975633523948158e-09 0 0 1
Step 774 7.739999999999879 0.01 1 1.152452888969759e-09 0 0 1
Step 775 7.749999999999879 0.01 0 8.773459207613228e-07 0 0 1
Step 776 7.759999999999879 0.01 1 2.963450285922237e-09 0 0 1
Step 777 7.769999999999879 0.01 1 2.140269650943837e-09 0 0 1
Step 778 7.779999999999879 0.01 1 4.939083809870394e-10 0 0 1
Step 779 7.789999999999878 0.01 1 2.963450285922237e-09 0 0 1
Step 780 7.799999999999878 0.01 0 4.939083814257182e-10 0 0 1
Step 781 7.809999999999878 0.01 0 4.346393752691052e-08 0 0 1
Step 782 7.819999999999878 0.01 0 6.898253721136184e-08 0 0 1
Step 783 7.829999999999878 0.01 0 1.410931608354391e-07 0 0 1
Step 784 7.839999999999877 0.01 0 1.11129385722434e-07 0 0 1
Step 785 7.849999999999877 0.01 0 2.076061561416831e-07 0 0 1
Step 786 7.859999999999877 0.01 0 1.761606559074622e-08 0 0 1
Step 787 7.869999999999877 0.01 0 2.288442165240004e-07 0 0 1
Step 788 7.879999999999876 0.01 0 3.401382383730917e-07 0 0 1
Step 789 7.889999999999876 0.01 0 2.75436240464233e-07 0 0 1
Step 790 7.899999999999876 0.01 1 2.963450285922237e-09 0 0 1
Step 791 7.909999999999876 0.01 0 8.640103944743548e-07 0 0 1
Step 792 7.919999999999876 0.01 0 1.682581217900496e-07 0 0 1
Step 793 7.929999999999875 0.01 1 1.317089015965439e-09 0 0 1
Step 794 7.939999999999875 0.01 1 3.128086412917916e-09 0 0 1
Step 795 7.949999999999875 0.01 1 1.317089015965439e-09 0 0 1
Step 796 7.959999999999875 0.01 0 3.742179166617438e-07 0 0 1
Step 797 7.969999999999875 0.01 0 5.638787349609204e-07 0 0 1
Step 798 7.979999999999874 0.01 1 3.292722539913596e-10 0 0 1
Step 799 7.989999999999874 0.01 0 5.141586246081165e-07 0 0 1
Step 800 7.999999999999874 0.01 1 1.810997396952478e-09 0 0 1
Step 801 8.009999999999874 0.01 0 3.128086412921906e-08 0 0 1
Step 802 8.019999999999873 0.01 1 2.963450285922237e-09 0 0 1
Step 803 8.029999999999873 0.01 0 9.295355730187309e-07 0 0 1
Step 804 8.039999999999873 0.01 1 1.152452888969759e-09 0 0 1
Step 805 8.049999999999873 0.01 1 2.634178031930877e-09 0 0 1
Step 806 8.059999999999873 0.01 1 3.621994793904956e-09 0 0 1
Step 807 8.069999999999872 0.01 1 3.292722539913596e-10 0 0 1
Step 808 8.079999999999872 0.01 0 1.646361274694529e-10 0 0 1
Step 809 8.089999999999872 0.01 0 3.951267047896315e-09 0 0 1
Step 810 8.099999999999872 0.01 0 8.231806353574175e-10 0 0 1
Step 811 8.109999999999872 0.01 0 6.256172825848301e-09 0 0 1
Step 812 8.119999999999871 0.01 0 6.750081207238868e-09 0 0 1
Step 813 8.129999999999871 0.01 0 1.070134825487792e-08 0 0 1
Step 814 8.139999999999871 0.01 0 2.66710525741125e-08 0 0 1
Step 815 8.149999999999871 0.01 0 3.325649765356539e-08 0 0 1
Step 816 8.15999999999987 0.01 0 8.956205308746604e-08 0 0 1
Step 817 8.16999999999987 0.01 0 8.54461499123681e-08 0 0 1
Step 818 8.17999999999987 0.01 0 2.196245934174366e-07 0 0 1
Step 819 8.18999999999987 0.01 0 1.91636451829331e-07 0 0 1
Step 820 8.19999999999987 0.01 0 5.024694596065456e-07 0 0 1
Step 821 8.209999999999869 0.01 0 3.105037355498721e-07 0 0 1
Step 822 8.219999999999869 0.01 1 2.963450285922237e-09 0 0 1
Step 823 8.229999999999869 0.01 1 1.646361269956798e-09 0 0 1
Step 824 8.239999999999869 0.01 1 2.140269650943837e-09 0 0 1
Step 825 8.249999999999869 0.01 1 1.481725142961118e-09 0 0 1
Step 826 8.259999999999868 0.01 0 2.86137588718492e-07 0 0 1
Step 827 8.269999999999868 0.01 0 1.221600062308046e-07 0 0 1
Step 828 8.279999999999868 0.01 0 7.232465058920254e-07 0 0 1
Step 829 8.289999999999868 0.01 0 5.910436959157237e-08 0 0 1
Step 830 8.299999999999867 0.01 1 1.481725142961118e-09 0 0 1
Step 831 8.309999999999867 0.01 0 6.666116782055098e-07 0 0 1
Step 832 8.319999999999867 0.01 0 3.94797432535754e-07 0 0 1
Step 833 8.329999999999867 0.01 1 1.152452888969759e-09 0 0 1
Step 834 8.339999999999867 0.01 0 4.196574877128728e-07 0 0 1
Step 835 8.349999999999866 0.01 0 4.759630431445326e-07 0 0 1
Step 836 8.359999999999866 0.01 0 8.544614991099739e-07 0 0 1
Step 837 8.369999999999866 0.01 1 1.810997396952478e-09 0 0 1
Step 838 8.379999999999866 0.01 1 3.457358666909276e-09 0 0 1
Step 839 8.389999999999866 0.01 1 3.292722539913596e-09 0 0 1
Step 840 8.399999999999865 0.01 1 1.810997396952478e-09 0 0 1
Step 841 8.409999999999865 0.01 0 5.12018354956571e-08 0 0 1
Step 842 8.419999999999865 0.01 0 1.432334304862656e-08 0 0 1
Step 843 8.429999999999865 0.01 0 1.096476605791341e-07 0 0 1
Step 844 8.439999999999864 0.01 0 3.671385632007649e-08 0 0 1
Step 845 8.449999999999864 0.01 0 1.957523549979175e-07 0 0 1
Step 846 8.459999999999864 0.01 0 1.87191276394103e-07 0 0 1
Step 847 8.469999999999864 0.01 0 4.771154960335433e-07 0 0 1
Step 848 8.479999999999864 0.01 0 5.691470910240677e-07 0 0 1
Step 849 8.489999999999863 0.01 1 3.292722539913596e-09 0 0 1
Step 850 8.499999999999863 0.01 1 2.798814158926557e-09 0 0 1
Step 851 8.509999999999863 0.01 0 3.325649765838209e-08 0 0 1
Step 852 8.519999999999863 0.01 0 3.248270785631939e-07 0 0 1
Step 853 8.529999999999863 0.01 0 4.785972211808603e-07 0 0 1
Step 854 8.539999999999862 0.01 1 1.152452888969759e-09 0 0 1
Step 855 8.549999999999862 0.01 0 2.566677219971586e-07 0 0 1
Step 856 8.559999999999862 0.01 1 3.786630920900636e-09 0 0 1
Step 857 8.569999999999862 0.01 1 9.878167619740788e-10 0 0 1
Step 858 8.579999999999862 0.01 1 2.469541904935197e-09 0 0 1
Step 859 8.589999999999861 0.01 1 2.963450285922237e-09 0 0 1
Step 860 8.599999999999861 0.01 0 1.787948339173091e-07 0 0 1
Step 861 8.609999999999861 0.01 0 5.36713774005942e-08 0 0 1
Step 862 8.619999999999861 0.01 0 4.310173804746922e-07 0 0 1
Step 863 8.62999999999986 0.01 0 2.683568870030388e-08 0 0 1
Step 864 8.63999999999986 0.01 0 8.98583981142427e-07 0 0 1
Step 865 8.64999999999986 0.01 0 5.286466037831351e-07 0 0 1
Step 866 8.65999999999986 0.01 1 3.292722539913596e-09 0 0 1
Step 867 8.66999999999986 0.01 1 2.469541904935197e-09 0 0 1
Step 868 8.679999999999859 0.01 0 2.082647006495776e-07 0 0 1
Step 869 8.689999999999859 0.01 0 4.906156584471541e-08 0 0 1
Step 870 8.699999999999859 0.01 0 4.883107526692783e-07 0 0 1
Step 871 8.709999999999859 0.01 0 1.030622154993986e-07 0 0 1
Step 872 8.719999999999859 0.01 0 9.550541727020804e-07 0 0 1
Step 873 8.729999999999858 0.01 0 8.090219280571452e-07 0 0 1
Step 874 8.739999999999858 0.01 1 2.798814158926557e-09 0 0 1
Step 875 8.749999999999858 0.01 1 3.457358666909276e-09 0 0 1
Step 876 8.759999999999858 0.01 1 1.317089015965439e-09 0 0 1
Step 877 8.769999999999857 0.01 0 8.202171846935386e-07 0 0 1
Step 878 8.779999999999857 0.01 1 1.646361269956798e-10 0 0 1
Step 879 8.789999999999857 0.01 1 1.152452888969759e-09 0 0 1
Step 880 8.799999999999857 0.01 1 2.304905777939517e-09 0 0 1
Step 881 8.809999999999857 0.01 1 2.634178031930877e-09 0 0 1
Step 882 8.819999999999856 0.01 0 8.067170222797979e-09 0 0 1
Step 883 8.829999999999856 0.01 0 1.317089015965439e-09 0 0 1
Step 884 8.839999999999856 0.01 0 1.761606558855004e-08 0 0 1
Step 885 8.849999999999856 0.01 0 5.432992190871791e-09 0 0 1
Step 886 8.859999999999856 0.01 0 8.429369702187453e-08 0 0 1
Step 887 8.869999999999855 0.01 0 9.137305048272522e-08 0 0 1
Step 888 8.879999999999855 0.01 0 3.072110129742861e-07 0 0 1
Step 889 8.889999999999855 0.01 0 2.930523060527012e-07 0 0 1
Step 890 8.899999999999855 0.01 0 7.923936792310953e-07 0 0 1
Step 891 8.909999999999854 0.01 0 5.676653658819046e-07 0 0 1
Step 892 8.919999999999854 0.01 1 3.951267047896315e-09 0 0 1
Step 893 8.929999999999854 0.01 1 3.292722539913596e-09 0 0 1
Step 894 8.939999999999854 0.01 1 6.585445079827193e-10 0 0 1
Step 895 8.949999999999854 0.01 1 0 0 0 1
Step 896 8.959999999999853 0.01 0 6.585445079828508e-09 0 0 1
Step 897 8.969999999999853 0.01 0 1.481725142984514e-09 0 0 1
Step 898 8.979999999999853 0.01 0 2.798814158927052e-08 0 0 1
Step 899 8.989999999999853 0.01 0 3.391504216114684e-08 0 0 1
Step 900 8.999999999999853 0.01 0 1.078366631822333e-07 0 0 1
Step 901 9.009999999999852 0.01 0 1.460322446453746e-07 0 0 1
Step 902 9.019999999999852 0.01 0 2.917352170365542e-07 0 0 1
Step 903 9.029999999999852 0.01 0 3.284490733569284e-07 0 0 1
Step 904 9.039999999999852 0.01 0 6.279221883619601e-07 0 0 1
Step 905 9.049999999999851 0.01 0 5.819887089309633e-07 0 0 1
Step 906 9.059999999999851 0.01 1 9.878167619740788e-10 0 0 1
Step 907 9.069999999999851 0.01 0 2.805399604009921e-07 0 0 1
Step 908 9.079999999999851 0.01 1 1.646361269956798e-10 0 0 1
Step 909 9.089999999999851 0.01 0 6.140927537009201e-07 0 0 1
Step 910 9.09999999999985 0.01 1 3.621994793904956e-09 0 0 1
Step 911 9.10999999999985 0.01 1 2.469541904935197e-09 0 0 1
Step 912 9.11999999999985 0.01 1 2.140269650943837e-09 0 0 1
Step 913 9.12999999999985 0.01 1 1.646361269956798e-10 0 0 1
Step 914 9.13999999999985 0.01 0 1.371418937874018e-07 0 0 1
Step 915 9.149999999999849 0.01 0 5.021401873368252e-08 0 0 1
Step 916 9.159999999999849 0.01 0 3.43266324785994e-07 0 0 1
Step 917 9.169999999999849 0.01 0 1.498188755662769e-08 0 0 1
Step 918 9.179999999999849 0.01 0 7.698385298318142e-07 0 0 1
Step 919 9.189999999999849 0.01 0 1.992097136648493e-07 0 0 1
Step 920 9.199999999999848 0.01 1 1.646361269956798e-10 0 0 1
Step 921 9.209999999999848 0.01 1 3.951267047896315e-09 0 0 1
Step 922 9.219999999999848 0.01 0 2.132037844598535e-07 0 0 1
Step 923 9.229999999999848 0.01 0 1.827461009654573e-07 0 0 1
Step 924 9.239999999999847 0.01 0 6.778069348424906e-07 0 0 1
Step 925 9.249999999999847 0.01 0 3.855778094242857e-07 0 0 1
Step 926 9.259999999999847 0.01 1 1.646361269956798e-09 0 0 1
Step 927 9.269999999999847 0.01 1 0 0 0 1
Step 928 9.279999999999847 0.01 0 9.219623111969575e-09 0 0 1
Step 929 9.289999999999846 0.01 0 5.563054731190504e-07 0 0 1
Step 930 9.299999999999846 0.01 0 7.349356709094225e-07 0 0 1
Step 931 9.309999999999846 0.01 1 1.481725142961118e-09 0 0 1
Step 932 9.319999999999846 0.01 0 7.606189067213969e-07 0 0 1
Step 933 9.329999999999846 0.01 1 2.469541904935197e-09 0 0 1
Step 934 9.339999999999845 0.01 0 4.147184039038508e-07 0 0 1
Step 935 9.349999999999845 0.01 1 3.786630920900636e-09 0 0 1
Step 936 9.359999999999845 0.01 1 4.939083809870394e-10 0 0 1
Step 937 9.369999999999845 0.01 1 3.292722539913596e-09 0 0 1
Step 938 9.379999999999844 0.01 1 3.457358666909276e-09 0 0 1
Step 939 9.389999999999844 0.01 0 2.337833003338987e-08 0 0 1
Step 940 9.399999999999844 0.01 0 2.881132222430293e-08 0 0 1
Step 941 9.409999999999844 0.01 0 1.909779073173892e-08 0 0 1
Step 942 9.419999999999844 0.01 0 1.345077157556188e-07 0 0 1
Step 943 9.429999999999843 0.01 0 3.243331701887147e-08 0 0 1
Step 944 9.439999999999843 0.01 0 3.615409348827478e-07 0 0 1
Step 945 9.449999999999843 0.01 0 1.886730015372872e-07 0 0 1
Step 946 9.459999999999843 0.01 0 8.32400258090451e-07 0 0 1
Step 947 9.469999999999843 0.01 0 7.805398780865492e-07 0 0 1
Step 948 9.479999999999842 0.01 1 2.469541904935197e-09 0 0 1
Step 949 9.489999999999842 0.01 1 8.231806349783991e-10 0 0 1
Step 950 9.499999999999842 0.01 0 9.372734709864505e-07 0 0 1
Step 951 9.509999999999842 0.01 0 7.293380425912466e-07 0 0 1
Step 952 9.519999999999841 0.01 1 1.481725142961118e-09 0 0 1
Step 953 9.529999999999841 0.01 0 1.203490088341652e-07 0 0 1
Step 954 9.539999999999841 0.01 1 3.292722539913596e-09 0 0 1
Step 955 9.549999999999841 0.01 0 8.516626849504725e-07 0 0 1
Step 956 9.559999999999841 0.01 0 8.065523861527706e-07 0 0 1
Step 957 9.56999999999984 0.01 1 1.975633523948158e-09 0 0 1
Step 958 9.57999999999984 0.01 1 1.975633523948158e-09 0 0 1
Step 959 9.58999999999984 0.01 1 1.152452888969759e-09 0 0 1
Step 960 9.59999999999984 0.01 1 1.481725142961118e-09 0 0 1
Step 961 9.60999999999984 0.01 0 5.597628317877886e-09 0 0 1
Step 962 9.619999999999839 0.01 0 1.366479854066426e-08 0 0 1
Step 963 9.629999999999839 0.01 0 8.725714730834597e-09 0 0 1
Step 964 9.639999999999839 0.01 0 4.21468485109403e-08 0 0 1
Step 965 9.649999999999839 0.01 0 3.78663092091732e-08 0 0 1
Step 966 9.659999999999838 0.01 0 1.559104122650534e-07 0 0 1
Step 967 9.669999999999838 0.01 0 1.564043206463152e-07 0 0 1
Step 968 9.679999999999838 0.01 0 4.792557656848418e-07 0 0 1
Step 969 9.689999999999838 0.01 0 4.10602500728294e-07 0 0 1
Step 970 9.699999999999838 0.01 1 2.140269650943837e-09 0 0 1
Step 971 9.709999999999837 0.01 0 4.911095668281129e-07 0 0 1
Step 972 9.719999999999837 0.01 1 1.646361269956798e-10 0 0 1
Step 973 9.729999999999837 0.01 0 6.832399272191146e-08 0 0 1
Step 974 9.739999999999837 0.01 1 4.939083809870394e-10 0 0 1
Step 975 9.749999999999837 0.01 0 3.472175918486877e-07 0 0 1
Step 976 9.759999999999836 0.01 0 3.594006652380145e-07 0 0 1
Step 977 9.769999999999836 0.01 1 1.810997396952478e-09 0 0 1
Step 978 9.779999999999836 0.01 1 1.646361269956798e-10 0 0 1
Step 979 9.789999999999836 0.01 1 4.939083809870394e-10 0 0 1
Step 980 9.799999999999836 0.01 1 6.585445079827193e-10 0 0 1
Step 981 9.809999999999835 0.01 0 1.037207600073535e-08 0 0 1
Step 982 9.819999999999835 0.01 0 1.15245288899984e-09 0 0 1
Step 983 9.829999999999835 0.01 0 3.539676730407336e-08 0 0 1
Step 984 9.839999999999835 0.01 0 8.396442476816829e-09 0 0 1
Step 985 9.849999999999834 0.01 0 4.329930139991503e-08 0 0 1
Step 986 9.859999999999834 0.01 0 1.351662602635609e-07 0 0 1
Step 987 9.869999999999834 0.01 0 2.518932743153669e-08 0 0 1
Step 988 9.879999999999834 0.01 0 4.348040113958272e-07 0 0 1
Step 989 9.889999999999834 0.01 0 5.251892451481021e-08 0 0 1
Step 990 9.899999999999833 0.01 1 2.963450285922237e-09 0 0 1
Step 991 9.909999999999833 0.01 1 3.128086412917916e-09 0 0 1
Step 992 9.919999999999833 0.01 0 6.443858010629419e-07 0 0 1
Step 993 9.929999999999833 0.01 0 6.119524840439667e-07 0 0 1
Step 994 9.939999999999833 0.01 1 0 0 0 1
Step 995 9.949999999999832 0.01 1 3.951267047896315e-09 0 0 1
Step 996 9.959999999999832 0.01 1 2.963450285922237e-09 0 0 1
Step 997 9.969999999999832 0.01 1 2.963450285922237e-09 0 0 1
Step 998 9.979999999999832 0.01 0 3.325649765313149e-08 0 0 1
Step 999 9.989999999999831 0.01 0 4.856765746376569e-08 0 0 1
Step 1000 9.999999999999831 0.01 0 1.163977417859817e-07 0 0 1
Step 1001 10.00999999999983 0.01 0 1.127757469921636e-07 0 0 1
